Using pre-set license
Built from '2020.3/staging' branch; Version is '2020.3.14f1 (d0d1bb862f9d) revision 13685179'; Using compiler version '192528614'; Build Type 'Release'
OS: 'Windows 10 Home Single Language; OS build 19043.1165; Version 2009; 64bit' Language: 'ru' Physical Memory: 8023 MB
BatchMode: 1, IsHumanControllingUs: 0, StartBugReporterOnCrash: 0, Is64bit: 1, IsPro: 0

 COMMAND LINE ARGUMENTS:
C:\Program Files\Unity\Hub\Editor\2020.3.14f1\Editor\Unity.exe
-adb2
-batchMode
-noUpm
-name
AssetImportWorker0
-projectPath
D:/Projects/Modular-Third-Person-Controller
-logFile
Logs/AssetImportWorker0.log
-srvPort
51222
Successfully changed project path to: D:/Projects/Modular-Third-Person-Controller
D:/Projects/Modular-Third-Person-Controller
Using Asset Import Pipeline V2.
Refreshing native plugins compatible for Editor in 42.93 ms, found 0 plugins.
Preloading 0 native plugins for Editor in 0.00 ms.
Initialize engine version: 2020.3.14f1 (d0d1bb862f9d)
[Subsystems] Discovering subsystems at path C:/Program Files/Unity/Hub/Editor/2020.3.14f1/Editor/Data/Resources/UnitySubsystems
[Subsystems] Discovering subsystems at path D:/Projects/Modular-Third-Person-Controller/Assets
GfxDevice: creating device client; threaded=0
Direct3D:
    Version:  Direct3D 11.0 [level 11.1]
    Renderer: NVIDIA GeForce GTX 1660 Ti (ID=0x2182)
    Vendor:   
    VRAM:     5991 MB
    Driver:   30.0.14.7168
Initialize mono
Mono path[0] = 'C:/Program Files/Unity/Hub/Editor/2020.3.14f1/Editor/Data/Managed'
Mono path[1] = 'C:/Program Files/Unity/Hub/Editor/2020.3.14f1/Editor/Data/MonoBleedingEdge/lib/mono/unityjit'
Mono config path = 'C:/Program Files/Unity/Hub/Editor/2020.3.14f1/Editor/Data/MonoBleedingEdge/etc'
Using monoOptions --debugger-agent=transport=dt_socket,embedding=1,server=y,suspend=n,address=127.0.0.1:56732
Begin MonoManager ReloadAssembly
Registering precompiled unity dll's ...
Register platform support module: C:/Program Files/Unity/Hub/Editor/2020.3.14f1/Editor/Data/PlaybackEngines/WindowsStandaloneSupport/UnityEditor.WindowsStandalone.Extensions.dll
Registered in 0.002356 seconds.
Native extension for WindowsStandalone target not found
Refreshing native plugins compatible for Editor in 44.95 ms, found 0 plugins.
Preloading 0 native plugins for Editor in 0.00 ms.
Mono: successfully reloaded assembly
- Completed reload, in  3.065 seconds
Domain Reload Profiling:
	ReloadAssembly (3065ms)
		BeginReloadAssembly (70ms)
			ExecutionOrderSort (0ms)
			DisableScriptedObjects (0ms)
			BackupInstance (0ms)
			ReleaseScriptingObjects (0ms)
			CreateAndSetChildDomain (1ms)
		EndReloadAssembly (876ms)
			LoadAssemblies (68ms)
			RebuildTransferFunctionScriptingTraits (0ms)
			SetupTypeCache (314ms)
			ReleaseScriptCaches (0ms)
			RebuildScriptCaches (52ms)
			SetupLoadedEditorAssemblies (217ms)
				LogAssemblyErrors (0ms)
				InitializePlatformSupportModulesInManaged (5ms)
				SetLoadedEditorAssemblies (0ms)
				RefreshPlugins (45ms)
				BeforeProcessingInitializeOnLoad (20ms)
				ProcessInitializeOnLoadAttributes (107ms)
				ProcessInitializeOnLoadMethodAttributes (40ms)
				AfterProcessingInitializeOnLoad (0ms)
				EditorAssembliesLoaded (0ms)
			ExecutionOrderSort2 (0ms)
			AwakeInstancesAfterBackupRestoration (0ms)
Platform modules already initialized, skipping
Registering precompiled user dll's ...
Registered in 0.001172 seconds.
Begin MonoManager ReloadAssembly
Native extension for WindowsStandalone target not found
Refreshing native plugins compatible for Editor in 61.88 ms, found 0 plugins.
Preloading 0 native plugins for Editor in 0.00 ms.
Mono: successfully reloaded assembly
- Completed reload, in  2.161 seconds
Domain Reload Profiling:
	ReloadAssembly (2163ms)
		BeginReloadAssembly (339ms)
			ExecutionOrderSort (0ms)
			DisableScriptedObjects (14ms)
			BackupInstance (0ms)
			ReleaseScriptingObjects (0ms)
			CreateAndSetChildDomain (56ms)
		EndReloadAssembly (1675ms)
			LoadAssemblies (168ms)
			RebuildTransferFunctionScriptingTraits (0ms)
			SetupTypeCache (617ms)
			ReleaseScriptCaches (1ms)
			RebuildScriptCaches (87ms)
			SetupLoadedEditorAssemblies (543ms)
				LogAssemblyErrors (0ms)
				InitializePlatformSupportModulesInManaged (13ms)
				SetLoadedEditorAssemblies (0ms)
				RefreshPlugins (62ms)
				BeforeProcessingInitializeOnLoad (123ms)
				ProcessInitializeOnLoadAttributes (328ms)
				ProcessInitializeOnLoadMethodAttributes (8ms)
				AfterProcessingInitializeOnLoad (9ms)
				EditorAssembliesLoaded (1ms)
			ExecutionOrderSort2 (0ms)
			AwakeInstancesAfterBackupRestoration (12ms)
Platform modules already initialized, skipping
========================================================================
Worker process is ready to serve import requests
Launched and connected shader compiler UnityShaderCompiler.exe after 0.09 seconds
Refreshing native plugins compatible for Editor in 0.50 ms, found 0 plugins.
Preloading 0 native plugins for Editor in 0.00 ms.
Unloading 1926 Unused Serialized files (Serialized files now loaded: 0)
System memory in use before: 90.8 MB.
System memory in use after: 90.8 MB.

Unloading 13 unused Assets to reduce memory usage. Loaded Objects now: 2369.
Total: 6.420300 ms (FindLiveObjects: 1.316000 ms CreateObjectMapping: 0.392700 ms MarkObjects: 4.298300 ms  DeleteObjects: 0.411400 ms)

AssetImportParameters requested are different than current active one (requested -> active):
  custom:framework-win-MediaFoundation: 216162199b28c13a410421893ffa2e32 -> 
  custom:video-decoder-ogg-theora: a1e56fd34408186e4bbccfd4996cb3dc -> 
  custom:container-muxer-webm: aa71ff27fc2769a1b78a27578f13a17b -> 
  custom:container-demuxer-webm: 4f35f7cbe854078d1ac9338744f61a02 -> 
  custom:container-demuxer-ogg: 62fdf1f143b41e24485cea50d1cbac27 -> 
  custom:video-encoder-webm-vp8: eb34c28f22e8b96e1ab97ce403110664 -> 
  custom:video-decoder-webm-vp8: 9c59270c3fd7afecdb556c50c9e8de78 -> 
  custom:audio-decoder-ogg-vorbis: bf7c407c2cedff20999df2af8eb42d56 -> 
  custom:audio-encoder-webm-vorbis: bf7c407c2cedff20999df2af8eb42d56 -> 
========================================================================
Received Import Request.
  path: Assets/Scripts/Base Classes/IMovementHandler.cs
  artifactKey: Guid(ed5a22c8b3241074e8aec8b9d50732bb) Importer(815301076,1909f56bfc062723c751e8b465ee728b)
Start importing Assets/Scripts/Base Classes/IMovementHandler.cs using Guid(ed5a22c8b3241074e8aec8b9d50732bb) Importer(815301076,1909f56bfc062723c751e8b465ee728b)  -> (artifact id: '5de771d1dea95c4757ab4decd696ac14') in 0.113888 seconds 
  Import took 0.119501 seconds .

========================================================================
Received Import Request.
  Time since last request: 57.714212 seconds.
  path: Assets/Scripts/Base Classes/PlayerHandler.cs
  artifactKey: Guid(ff16462b45fe0f348be5b7ba244de525) Importer(815301076,1909f56bfc062723c751e8b465ee728b)
Start importing Assets/Scripts/Base Classes/PlayerHandler.cs using Guid(ff16462b45fe0f348be5b7ba244de525) Importer(815301076,1909f56bfc062723c751e8b465ee728b)  -> (artifact id: '98b2ba7d1507160e08e6ea60696d2f7e') in 0.014849 seconds 
  Import took 0.022522 seconds .

========================================================================
Received Prepare
Registering precompiled user dll's ...
Registered in 0.000803 seconds.
Begin MonoManager ReloadAssembly
Native extension for WindowsStandalone target not found
Refreshing native plugins compatible for Editor in 0.41 ms, found 0 plugins.
Preloading 0 native plugins for Editor in 0.00 ms.
Mono: successfully reloaded assembly
- Completed reload, in  1.244 seconds
Domain Reload Profiling:
	ReloadAssembly (1245ms)
		BeginReloadAssembly (208ms)
			ExecutionOrderSort (0ms)
			DisableScriptedObjects (7ms)
			BackupInstance (0ms)
			ReleaseScriptingObjects (0ms)
			CreateAndSetChildDomain (42ms)
		EndReloadAssembly (934ms)
			LoadAssemblies (157ms)
			RebuildTransferFunctionScriptingTraits (0ms)
			SetupTypeCache (318ms)
			ReleaseScriptCaches (1ms)
			RebuildScriptCaches (49ms)
			SetupLoadedEditorAssemblies (304ms)
				LogAssemblyErrors (0ms)
				InitializePlatformSupportModulesInManaged (5ms)
				SetLoadedEditorAssemblies (1ms)
				RefreshPlugins (1ms)
				BeforeProcessingInitializeOnLoad (85ms)
				ProcessInitializeOnLoadAttributes (198ms)
				ProcessInitializeOnLoadMethodAttributes (6ms)
				AfterProcessingInitializeOnLoad (8ms)
				EditorAssembliesLoaded (0ms)
			ExecutionOrderSort2 (0ms)
			AwakeInstancesAfterBackupRestoration (9ms)
Platform modules already initialized, skipping
Refreshing native plugins compatible for Editor in 0.43 ms, found 0 plugins.
Preloading 0 native plugins for Editor in 0.00 ms.
Unloading 1883 Unused Serialized files (Serialized files now loaded: 0)
System memory in use before: 87.3 MB.
System memory in use after: 87.3 MB.

Unloading 7 unused Assets to reduce memory usage. Loaded Objects now: 2371.
Total: 2.609100 ms (FindLiveObjects: 0.240200 ms CreateObjectMapping: 0.143400 ms MarkObjects: 2.069700 ms  DeleteObjects: 0.154600 ms)

AssetImportParameters requested are different than current active one (requested -> active):
  custom:framework-win-MediaFoundation: 216162199b28c13a410421893ffa2e32 -> 
  custom:video-decoder-ogg-theora: a1e56fd34408186e4bbccfd4996cb3dc -> 
  custom:container-muxer-webm: aa71ff27fc2769a1b78a27578f13a17b -> 
  custom:container-demuxer-webm: 4f35f7cbe854078d1ac9338744f61a02 -> 
  custom:container-demuxer-ogg: 62fdf1f143b41e24485cea50d1cbac27 -> 
  custom:video-encoder-webm-vp8: eb34c28f22e8b96e1ab97ce403110664 -> 
  custom:video-decoder-webm-vp8: 9c59270c3fd7afecdb556c50c9e8de78 -> 
  custom:audio-decoder-ogg-vorbis: bf7c407c2cedff20999df2af8eb42d56 -> 
  custom:audio-encoder-webm-vorbis: bf7c407c2cedff20999df2af8eb42d56 -> 
========================================================================
Received Import Request.
  Time since last request: 42.393366 seconds.
  path: Assets/Scripts/Base Classes/PlayerHandler.cs
  artifactKey: Guid(ff16462b45fe0f348be5b7ba244de525) Importer(815301076,1909f56bfc062723c751e8b465ee728b)
Start importing Assets/Scripts/Base Classes/PlayerHandler.cs using Guid(ff16462b45fe0f348be5b7ba244de525) Importer(815301076,1909f56bfc062723c751e8b465ee728b)  -> (artifact id: 'e95c8b39dee237412487eca822fe7b56') in 0.015549 seconds 
  Import took 0.026529 seconds .

========================================================================
Received Import Request.
  Time since last request: 0.097443 seconds.
  path: Assets/Scripts/Base Classes/PlayerHandler.cs
  artifactKey: Guid(ff16462b45fe0f348be5b7ba244de525) Importer(815301076,1909f56bfc062723c751e8b465ee728b)
Start importing Assets/Scripts/Base Classes/PlayerHandler.cs using Guid(ff16462b45fe0f348be5b7ba244de525) Importer(815301076,1909f56bfc062723c751e8b465ee728b)  -> (artifact id: 'e95c8b39dee237412487eca822fe7b56') in 0.048315 seconds 
  Import took 0.056608 seconds .

========================================================================
Received Prepare
Registering precompiled user dll's ...
Registered in 0.001524 seconds.
Begin MonoManager ReloadAssembly
Native extension for WindowsStandalone target not found
Refreshing native plugins compatible for Editor in 0.45 ms, found 0 plugins.
Preloading 0 native plugins for Editor in 0.00 ms.
Mono: successfully reloaded assembly
- Completed reload, in  1.575 seconds
Domain Reload Profiling:
	ReloadAssembly (1576ms)
		BeginReloadAssembly (265ms)
			ExecutionOrderSort (0ms)
			DisableScriptedObjects (29ms)
			BackupInstance (0ms)
			ReleaseScriptingObjects (0ms)
			CreateAndSetChildDomain (49ms)
		EndReloadAssembly (1150ms)
			LoadAssemblies (232ms)
			RebuildTransferFunctionScriptingTraits (0ms)
			SetupTypeCache (465ms)
			ReleaseScriptCaches (1ms)
			RebuildScriptCaches (52ms)
			SetupLoadedEditorAssemblies (325ms)
				LogAssemblyErrors (0ms)
				InitializePlatformSupportModulesInManaged (7ms)
				SetLoadedEditorAssemblies (1ms)
				RefreshPlugins (1ms)
				BeforeProcessingInitializeOnLoad (91ms)
				ProcessInitializeOnLoadAttributes (211ms)
				ProcessInitializeOnLoadMethodAttributes (5ms)
				AfterProcessingInitializeOnLoad (9ms)
				EditorAssembliesLoaded (0ms)
			ExecutionOrderSort2 (0ms)
			AwakeInstancesAfterBackupRestoration (9ms)
Platform modules already initialized, skipping
Refreshing native plugins compatible for Editor in 0.54 ms, found 0 plugins.
Preloading 0 native plugins for Editor in 0.00 ms.
Unloading 1883 Unused Serialized files (Serialized files now loaded: 0)
System memory in use before: 87.3 MB.
System memory in use after: 87.4 MB.

Unloading 7 unused Assets to reduce memory usage. Loaded Objects now: 2373.
Total: 2.507300 ms (FindLiveObjects: 0.237000 ms CreateObjectMapping: 0.137300 ms MarkObjects: 2.042800 ms  DeleteObjects: 0.089000 ms)

AssetImportParameters requested are different than current active one (requested -> active):
  custom:framework-win-MediaFoundation: 216162199b28c13a410421893ffa2e32 -> 
  custom:video-decoder-ogg-theora: a1e56fd34408186e4bbccfd4996cb3dc -> 
  custom:container-muxer-webm: aa71ff27fc2769a1b78a27578f13a17b -> 
  custom:container-demuxer-webm: 4f35f7cbe854078d1ac9338744f61a02 -> 
  custom:container-demuxer-ogg: 62fdf1f143b41e24485cea50d1cbac27 -> 
  custom:video-encoder-webm-vp8: eb34c28f22e8b96e1ab97ce403110664 -> 
  custom:video-decoder-webm-vp8: 9c59270c3fd7afecdb556c50c9e8de78 -> 
  custom:audio-decoder-ogg-vorbis: bf7c407c2cedff20999df2af8eb42d56 -> 
  custom:audio-encoder-webm-vorbis: bf7c407c2cedff20999df2af8eb42d56 -> 
========================================================================
Received Import Request.
  Time since last request: 27.053179 seconds.
  path: Assets/Scripts/Base Classes/PlayerHandler.cs
  artifactKey: Guid(ff16462b45fe0f348be5b7ba244de525) Importer(815301076,1909f56bfc062723c751e8b465ee728b)
Start importing Assets/Scripts/Base Classes/PlayerHandler.cs using Guid(ff16462b45fe0f348be5b7ba244de525) Importer(815301076,1909f56bfc062723c751e8b465ee728b)  -> (artifact id: '9c77a9ec77a7b4919d9340e87be66d48') in 0.012924 seconds 
  Import took 0.020801 seconds .

========================================================================
Received Prepare
Registering precompiled user dll's ...
Registered in 0.001337 seconds.
Begin MonoManager ReloadAssembly
Native extension for WindowsStandalone target not found
Refreshing native plugins compatible for Editor in 0.38 ms, found 0 plugins.
Preloading 0 native plugins for Editor in 0.00 ms.
Mono: successfully reloaded assembly
- Completed reload, in  1.247 seconds
Domain Reload Profiling:
	ReloadAssembly (1247ms)
		BeginReloadAssembly (150ms)
			ExecutionOrderSort (0ms)
			DisableScriptedObjects (5ms)
			BackupInstance (0ms)
			ReleaseScriptingObjects (0ms)
			CreateAndSetChildDomain (33ms)
		EndReloadAssembly (993ms)
			LoadAssemblies (141ms)
			RebuildTransferFunctionScriptingTraits (0ms)
			SetupTypeCache (300ms)
			ReleaseScriptCaches (1ms)
			RebuildScriptCaches (56ms)
			SetupLoadedEditorAssemblies (346ms)
				LogAssemblyErrors (0ms)
				InitializePlatformSupportModulesInManaged (5ms)
				SetLoadedEditorAssemblies (1ms)
				RefreshPlugins (1ms)
				BeforeProcessingInitializeOnLoad (109ms)
				ProcessInitializeOnLoadAttributes (218ms)
				ProcessInitializeOnLoadMethodAttributes (5ms)
				AfterProcessingInitializeOnLoad (8ms)
				EditorAssembliesLoaded (0ms)
			ExecutionOrderSort2 (0ms)
			AwakeInstancesAfterBackupRestoration (8ms)
Platform modules already initialized, skipping
Refreshing native plugins compatible for Editor in 0.43 ms, found 0 plugins.
Preloading 0 native plugins for Editor in 0.00 ms.
Unloading 1883 Unused Serialized files (Serialized files now loaded: 0)
System memory in use before: 87.3 MB.
System memory in use after: 87.4 MB.

Unloading 7 unused Assets to reduce memory usage. Loaded Objects now: 2375.
Total: 3.997600 ms (FindLiveObjects: 0.227800 ms CreateObjectMapping: 0.103500 ms MarkObjects: 3.331900 ms  DeleteObjects: 0.332400 ms)

AssetImportParameters requested are different than current active one (requested -> active):
  custom:framework-win-MediaFoundation: 216162199b28c13a410421893ffa2e32 -> 
  custom:video-decoder-ogg-theora: a1e56fd34408186e4bbccfd4996cb3dc -> 
  custom:container-muxer-webm: aa71ff27fc2769a1b78a27578f13a17b -> 
  custom:container-demuxer-webm: 4f35f7cbe854078d1ac9338744f61a02 -> 
  custom:container-demuxer-ogg: 62fdf1f143b41e24485cea50d1cbac27 -> 
  custom:video-encoder-webm-vp8: eb34c28f22e8b96e1ab97ce403110664 -> 
  custom:video-decoder-webm-vp8: 9c59270c3fd7afecdb556c50c9e8de78 -> 
  custom:audio-decoder-ogg-vorbis: bf7c407c2cedff20999df2af8eb42d56 -> 
  custom:audio-encoder-webm-vorbis: bf7c407c2cedff20999df2af8eb42d56 -> 
========================================================================
Received Import Request.
  Time since last request: 19.239014 seconds.
  path: Assets/Scripts/Base Classes/PlayerHandler.cs
  artifactKey: Guid(ff16462b45fe0f348be5b7ba244de525) Importer(815301076,1909f56bfc062723c751e8b465ee728b)
Start importing Assets/Scripts/Base Classes/PlayerHandler.cs using Guid(ff16462b45fe0f348be5b7ba244de525) Importer(815301076,1909f56bfc062723c751e8b465ee728b)  -> (artifact id: 'bbcf75a8c8c3957fdedd877bec2bf862') in 0.013616 seconds 
  Import took 0.018550 seconds .

========================================================================
Received Prepare
Registering precompiled user dll's ...
Registered in 0.000807 seconds.
Begin MonoManager ReloadAssembly
Native extension for WindowsStandalone target not found
Refreshing native plugins compatible for Editor in 0.73 ms, found 0 plugins.
Preloading 0 native plugins for Editor in 0.00 ms.
Mono: successfully reloaded assembly
- Completed reload, in  1.200 seconds
Domain Reload Profiling:
	ReloadAssembly (1202ms)
		BeginReloadAssembly (139ms)
			ExecutionOrderSort (0ms)
			DisableScriptedObjects (5ms)
			BackupInstance (0ms)
			ReleaseScriptingObjects (0ms)
			CreateAndSetChildDomain (29ms)
		EndReloadAssembly (952ms)
			LoadAssemblies (123ms)
			RebuildTransferFunctionScriptingTraits (0ms)
			SetupTypeCache (289ms)
			ReleaseScriptCaches (1ms)
			RebuildScriptCaches (48ms)
			SetupLoadedEditorAssemblies (290ms)
				LogAssemblyErrors (0ms)
				InitializePlatformSupportModulesInManaged (5ms)
				SetLoadedEditorAssemblies (1ms)
				RefreshPlugins (1ms)
				BeforeProcessingInitializeOnLoad (81ms)
				ProcessInitializeOnLoadAttributes (190ms)
				ProcessInitializeOnLoadMethodAttributes (5ms)
				AfterProcessingInitializeOnLoad (7ms)
				EditorAssembliesLoaded (0ms)
			ExecutionOrderSort2 (0ms)
			AwakeInstancesAfterBackupRestoration (8ms)
Platform modules already initialized, skipping
Refreshing native plugins compatible for Editor in 0.44 ms, found 0 plugins.
Preloading 0 native plugins for Editor in 0.00 ms.
Unloading 1883 Unused Serialized files (Serialized files now loaded: 0)
System memory in use before: 87.3 MB.
System memory in use after: 87.4 MB.

Unloading 7 unused Assets to reduce memory usage. Loaded Objects now: 2377.
Total: 2.393900 ms (FindLiveObjects: 0.262200 ms CreateObjectMapping: 0.135800 ms MarkObjects: 1.859300 ms  DeleteObjects: 0.135600 ms)

AssetImportParameters requested are different than current active one (requested -> active):
  custom:framework-win-MediaFoundation: 216162199b28c13a410421893ffa2e32 -> 
  custom:video-decoder-ogg-theora: a1e56fd34408186e4bbccfd4996cb3dc -> 
  custom:container-muxer-webm: aa71ff27fc2769a1b78a27578f13a17b -> 
  custom:container-demuxer-webm: 4f35f7cbe854078d1ac9338744f61a02 -> 
  custom:container-demuxer-ogg: 62fdf1f143b41e24485cea50d1cbac27 -> 
  custom:video-encoder-webm-vp8: eb34c28f22e8b96e1ab97ce403110664 -> 
  custom:video-decoder-webm-vp8: 9c59270c3fd7afecdb556c50c9e8de78 -> 
  custom:audio-decoder-ogg-vorbis: bf7c407c2cedff20999df2af8eb42d56 -> 
  custom:audio-encoder-webm-vorbis: bf7c407c2cedff20999df2af8eb42d56 -> 
========================================================================
Received Import Request.
  Time since last request: 32.071582 seconds.
  path: Assets/Scripts/Base Classes/PlayerHandler.cs
  artifactKey: Guid(ff16462b45fe0f348be5b7ba244de525) Importer(815301076,1909f56bfc062723c751e8b465ee728b)
Start importing Assets/Scripts/Base Classes/PlayerHandler.cs using Guid(ff16462b45fe0f348be5b7ba244de525) Importer(815301076,1909f56bfc062723c751e8b465ee728b)  -> (artifact id: 'cc2ff1e02c9097a0d5a67524ae25f711') in 0.014393 seconds 
  Import took 0.019911 seconds .

========================================================================
Received Prepare
Registering precompiled user dll's ...
Registered in 0.000804 seconds.
Begin MonoManager ReloadAssembly
Native extension for WindowsStandalone target not found
Refreshing native plugins compatible for Editor in 0.39 ms, found 0 plugins.
Preloading 0 native plugins for Editor in 0.00 ms.
Mono: successfully reloaded assembly
- Completed reload, in  1.230 seconds
Domain Reload Profiling:
	ReloadAssembly (1231ms)
		BeginReloadAssembly (157ms)
			ExecutionOrderSort (0ms)
			DisableScriptedObjects (7ms)
			BackupInstance (0ms)
			ReleaseScriptingObjects (0ms)
			CreateAndSetChildDomain (34ms)
		EndReloadAssembly (882ms)
			LoadAssemblies (123ms)
			RebuildTransferFunctionScriptingTraits (0ms)
			SetupTypeCache (293ms)
			ReleaseScriptCaches (1ms)
			RebuildScriptCaches (56ms)
			SetupLoadedEditorAssemblies (289ms)
				LogAssemblyErrors (0ms)
				InitializePlatformSupportModulesInManaged (5ms)
				SetLoadedEditorAssemblies (1ms)
				RefreshPlugins (0ms)
				BeforeProcessingInitializeOnLoad (82ms)
				ProcessInitializeOnLoadAttributes (188ms)
				ProcessInitializeOnLoadMethodAttributes (5ms)
				AfterProcessingInitializeOnLoad (8ms)
				EditorAssembliesLoaded (0ms)
			ExecutionOrderSort2 (0ms)
			AwakeInstancesAfterBackupRestoration (9ms)
Platform modules already initialized, skipping
Refreshing native plugins compatible for Editor in 0.40 ms, found 0 plugins.
Preloading 0 native plugins for Editor in 0.00 ms.
Unloading 1883 Unused Serialized files (Serialized files now loaded: 0)
System memory in use before: 87.3 MB.
System memory in use after: 87.4 MB.

Unloading 7 unused Assets to reduce memory usage. Loaded Objects now: 2379.
Total: 2.120900 ms (FindLiveObjects: 0.178600 ms CreateObjectMapping: 0.076000 ms MarkObjects: 1.776500 ms  DeleteObjects: 0.088400 ms)

AssetImportParameters requested are different than current active one (requested -> active):
  custom:framework-win-MediaFoundation: 216162199b28c13a410421893ffa2e32 -> 
  custom:video-decoder-ogg-theora: a1e56fd34408186e4bbccfd4996cb3dc -> 
  custom:container-muxer-webm: aa71ff27fc2769a1b78a27578f13a17b -> 
  custom:container-demuxer-webm: 4f35f7cbe854078d1ac9338744f61a02 -> 
  custom:container-demuxer-ogg: 62fdf1f143b41e24485cea50d1cbac27 -> 
  custom:video-encoder-webm-vp8: eb34c28f22e8b96e1ab97ce403110664 -> 
  custom:video-decoder-webm-vp8: 9c59270c3fd7afecdb556c50c9e8de78 -> 
  custom:audio-decoder-ogg-vorbis: bf7c407c2cedff20999df2af8eb42d56 -> 
  custom:audio-encoder-webm-vorbis: bf7c407c2cedff20999df2af8eb42d56 -> 
========================================================================
Received Import Request.
  Time since last request: 39.204528 seconds.
  path: Assets/Scripts/Base Classes/PlayerHandler.cs
  artifactKey: Guid(ff16462b45fe0f348be5b7ba244de525) Importer(815301076,1909f56bfc062723c751e8b465ee728b)
Start importing Assets/Scripts/Base Classes/PlayerHandler.cs using Guid(ff16462b45fe0f348be5b7ba244de525) Importer(815301076,1909f56bfc062723c751e8b465ee728b)  -> (artifact id: 'ee94c17e20738c811f30253e8302b365') in 0.020477 seconds 
  Import took 0.025468 seconds .

========================================================================
Received Import Request.
  Time since last request: 0.028912 seconds.
  path: Assets/Scripts/Base Classes/PlayerHandler.cs
  artifactKey: Guid(ff16462b45fe0f348be5b7ba244de525) Importer(815301076,1909f56bfc062723c751e8b465ee728b)
Start importing Assets/Scripts/Base Classes/PlayerHandler.cs using Guid(ff16462b45fe0f348be5b7ba244de525) Importer(815301076,1909f56bfc062723c751e8b465ee728b)  -> (artifact id: 'ee94c17e20738c811f30253e8302b365') in 0.052375 seconds 
  Import took 0.083905 seconds .

========================================================================
Received Import Request.
  Time since last request: 23.812417 seconds.
  path: Assets/Scripts/Base Classes/PlayerHandler.cs
  artifactKey: Guid(ff16462b45fe0f348be5b7ba244de525) Importer(815301076,1909f56bfc062723c751e8b465ee728b)
Start importing Assets/Scripts/Base Classes/PlayerHandler.cs using Guid(ff16462b45fe0f348be5b7ba244de525) Importer(815301076,1909f56bfc062723c751e8b465ee728b)  -> (artifact id: '9610db11680745130538d21527b38cc2') in 0.041849 seconds 
  Import took 0.056459 seconds .

========================================================================
Received Import Request.
  Time since last request: 0.009773 seconds.
  path: Assets/Scripts/Base Classes/PlayerHandler.cs
  artifactKey: Guid(ff16462b45fe0f348be5b7ba244de525) Importer(815301076,1909f56bfc062723c751e8b465ee728b)
Start importing Assets/Scripts/Base Classes/PlayerHandler.cs using Guid(ff16462b45fe0f348be5b7ba244de525) Importer(815301076,1909f56bfc062723c751e8b465ee728b)  -> (artifact id: '9610db11680745130538d21527b38cc2') in 0.022575 seconds 
  Import took 0.036704 seconds .

========================================================================
Received Import Request.
  Time since last request: 5.933047 seconds.
  path: Assets/Scripts/Base Classes/PlayerHandler.cs
  artifactKey: Guid(ff16462b45fe0f348be5b7ba244de525) Importer(815301076,1909f56bfc062723c751e8b465ee728b)
Start importing Assets/Scripts/Base Classes/PlayerHandler.cs using Guid(ff16462b45fe0f348be5b7ba244de525) Importer(815301076,1909f56bfc062723c751e8b465ee728b)  -> (artifact id: '7a996a9c7d72683d2c4f2b652fad7817') in 0.012675 seconds 
  Import took 0.023968 seconds .

========================================================================
Received Import Request.
  Time since last request: 3.642401 seconds.
  path: Assets/Scripts/Base Classes/PlayerHandler.cs
  artifactKey: Guid(ff16462b45fe0f348be5b7ba244de525) Importer(815301076,1909f56bfc062723c751e8b465ee728b)
Start importing Assets/Scripts/Base Classes/PlayerHandler.cs using Guid(ff16462b45fe0f348be5b7ba244de525) Importer(815301076,1909f56bfc062723c751e8b465ee728b)  -> (artifact id: '90c6e86031bf371e633dce6471ee3e42') in 0.013442 seconds 
  Import took 0.027337 seconds .

========================================================================
Received Import Request.
  Time since last request: 3.289109 seconds.
  path: Assets/Scripts/Base Classes/PlayerHandler.cs
  artifactKey: Guid(ff16462b45fe0f348be5b7ba244de525) Importer(815301076,1909f56bfc062723c751e8b465ee728b)
Start importing Assets/Scripts/Base Classes/PlayerHandler.cs using Guid(ff16462b45fe0f348be5b7ba244de525) Importer(815301076,1909f56bfc062723c751e8b465ee728b)  -> (artifact id: 'f5d2ef30ed38b76bf10a9724a7c3d929') in 0.032781 seconds 
  Import took 0.042929 seconds .

========================================================================
Received Import Request.
  Time since last request: 31.296589 seconds.
  path: Assets/Scripts/Base Classes/PlayerHandler.cs
  artifactKey: Guid(ff16462b45fe0f348be5b7ba244de525) Importer(815301076,1909f56bfc062723c751e8b465ee728b)
Start importing Assets/Scripts/Base Classes/PlayerHandler.cs using Guid(ff16462b45fe0f348be5b7ba244de525) Importer(815301076,1909f56bfc062723c751e8b465ee728b)  -> (artifact id: 'c26cf7e2bc471a24a945bea34d8bc4d1') in 0.009635 seconds 
  Import took 0.014277 seconds .

========================================================================
Received Import Request.
  Time since last request: 13.475594 seconds.
  path: Assets/Scripts/Base Classes/PlayerHandler.cs
  artifactKey: Guid(ff16462b45fe0f348be5b7ba244de525) Importer(815301076,1909f56bfc062723c751e8b465ee728b)
Start importing Assets/Scripts/Base Classes/PlayerHandler.cs using Guid(ff16462b45fe0f348be5b7ba244de525) Importer(815301076,1909f56bfc062723c751e8b465ee728b)  -> (artifact id: '47a4e10301626fe897ae2c1e9851f06d') in 0.004324 seconds 
  Import took 0.009033 seconds .

========================================================================
Received Import Request.
  Time since last request: 3.555049 seconds.
  path: Assets/Scripts/Base Classes/PlayerHandler.cs
  artifactKey: Guid(ff16462b45fe0f348be5b7ba244de525) Importer(815301076,1909f56bfc062723c751e8b465ee728b)
Start importing Assets/Scripts/Base Classes/PlayerHandler.cs using Guid(ff16462b45fe0f348be5b7ba244de525) Importer(815301076,1909f56bfc062723c751e8b465ee728b)  -> (artifact id: 'ee69e878b9c6560c9395cdd8f55deb4a') in 0.007666 seconds 
  Import took 0.015825 seconds .

========================================================================
Received Import Request.
  Time since last request: 3.920857 seconds.
  path: Assets/Scripts/Base Classes/PlayerHandler.cs
  artifactKey: Guid(ff16462b45fe0f348be5b7ba244de525) Importer(815301076,1909f56bfc062723c751e8b465ee728b)
Start importing Assets/Scripts/Base Classes/PlayerHandler.cs using Guid(ff16462b45fe0f348be5b7ba244de525) Importer(815301076,1909f56bfc062723c751e8b465ee728b)  -> (artifact id: 'b30cf6628432e1c8cbd10432463fc200') in 0.008215 seconds 
  Import took 0.018627 seconds .

========================================================================
Received Import Request.
  Time since last request: 6.061336 seconds.
  path: Assets/Scripts/Base Classes/PlayerHandler.cs
  artifactKey: Guid(ff16462b45fe0f348be5b7ba244de525) Importer(815301076,1909f56bfc062723c751e8b465ee728b)
Start importing Assets/Scripts/Base Classes/PlayerHandler.cs using Guid(ff16462b45fe0f348be5b7ba244de525) Importer(815301076,1909f56bfc062723c751e8b465ee728b)  -> (artifact id: '31d55efd355ea77769aa4ae09cb99db3') in 0.017640 seconds 
  Import took 0.026730 seconds .

========================================================================
Received Import Request.
  Time since last request: 13.346728 seconds.
  path: Assets/Scripts/Base Classes/PlayerHandler.cs
  artifactKey: Guid(ff16462b45fe0f348be5b7ba244de525) Importer(815301076,1909f56bfc062723c751e8b465ee728b)
Start importing Assets/Scripts/Base Classes/PlayerHandler.cs using Guid(ff16462b45fe0f348be5b7ba244de525) Importer(815301076,1909f56bfc062723c751e8b465ee728b)  -> (artifact id: '07594357c1d427b942adc6c790979c25') in 0.030577 seconds 
  Import took 0.047612 seconds .

========================================================================
Received Import Request.
  Time since last request: 18.279524 seconds.
  path: Assets/Scripts/Base Classes/PlayerHandler.cs
  artifactKey: Guid(ff16462b45fe0f348be5b7ba244de525) Importer(815301076,1909f56bfc062723c751e8b465ee728b)
Start importing Assets/Scripts/Base Classes/PlayerHandler.cs using Guid(ff16462b45fe0f348be5b7ba244de525) Importer(815301076,1909f56bfc062723c751e8b465ee728b)  -> (artifact id: '47a5a13e3b3cdf9b7ae02201810a04ea') in 0.004242 seconds 
  Import took 0.008062 seconds .

========================================================================
Received Import Request.
  Time since last request: 8.638979 seconds.
  path: Assets/Scripts/Base Classes/PlayerHandler.cs
  artifactKey: Guid(ff16462b45fe0f348be5b7ba244de525) Importer(815301076,1909f56bfc062723c751e8b465ee728b)
Start importing Assets/Scripts/Base Classes/PlayerHandler.cs using Guid(ff16462b45fe0f348be5b7ba244de525) Importer(815301076,1909f56bfc062723c751e8b465ee728b)  -> (artifact id: '2afad6561b121527017196065e84567e') in 0.003994 seconds 
  Import took 0.010389 seconds .

========================================================================
Received Import Request.
  Time since last request: 13.077782 seconds.
  path: Assets/Scripts/Base Classes/PlayerHandler.cs
  artifactKey: Guid(ff16462b45fe0f348be5b7ba244de525) Importer(815301076,1909f56bfc062723c751e8b465ee728b)
Start importing Assets/Scripts/Base Classes/PlayerHandler.cs using Guid(ff16462b45fe0f348be5b7ba244de525) Importer(815301076,1909f56bfc062723c751e8b465ee728b)  -> (artifact id: '442017a4f4c4ebddd5ea3c63c8f35063') in 0.005791 seconds 
  Import took 0.012478 seconds .

========================================================================
Received Import Request.
  Time since last request: 470.572922 seconds.
  path: Assets/Scripts/Base Classes/PlayerHandler.cs
  artifactKey: Guid(ff16462b45fe0f348be5b7ba244de525) Importer(815301076,1909f56bfc062723c751e8b465ee728b)
Start importing Assets/Scripts/Base Classes/PlayerHandler.cs using Guid(ff16462b45fe0f348be5b7ba244de525) Importer(815301076,1909f56bfc062723c751e8b465ee728b)  -> (artifact id: 'b33bcce62700b5c075f72752543de9b9') in 0.014556 seconds 
  Import took 0.042474 seconds .

========================================================================
Received Import Request.
  Time since last request: 7.592851 seconds.
  path: Assets/Scripts/Base Classes/PlayerHandler.cs
  artifactKey: Guid(ff16462b45fe0f348be5b7ba244de525) Importer(815301076,1909f56bfc062723c751e8b465ee728b)
Start importing Assets/Scripts/Base Classes/PlayerHandler.cs using Guid(ff16462b45fe0f348be5b7ba244de525) Importer(815301076,1909f56bfc062723c751e8b465ee728b)  -> (artifact id: '705ef55637f6eb45b62b284731c9328d') in 0.007976 seconds 
  Import took 0.013978 seconds .

========================================================================
Received Import Request.
  Time since last request: 5.717626 seconds.
  path: Assets/Scripts/Base Classes/PlayerHandler.cs
  artifactKey: Guid(ff16462b45fe0f348be5b7ba244de525) Importer(815301076,1909f56bfc062723c751e8b465ee728b)
Start importing Assets/Scripts/Base Classes/PlayerHandler.cs using Guid(ff16462b45fe0f348be5b7ba244de525) Importer(815301076,1909f56bfc062723c751e8b465ee728b)  -> (artifact id: '5989794679ae33c7b63756d983039281') in 0.015404 seconds 
  Import took 0.022088 seconds .

========================================================================
Received Import Request.
  Time since last request: 3.240323 seconds.
  path: Assets/Scripts/Base Classes/PlayerHandler.cs
  artifactKey: Guid(ff16462b45fe0f348be5b7ba244de525) Importer(815301076,1909f56bfc062723c751e8b465ee728b)
Start importing Assets/Scripts/Base Classes/PlayerHandler.cs using Guid(ff16462b45fe0f348be5b7ba244de525) Importer(815301076,1909f56bfc062723c751e8b465ee728b)  -> (artifact id: '30ef76b3ed40268c205c6cfc7af5e080') in 0.024704 seconds 
  Import took 0.031996 seconds .

========================================================================
Received Import Request.
  Time since last request: 0.026347 seconds.
  path: Assets/Scripts/Base Classes/PlayerHandler.cs
  artifactKey: Guid(ff16462b45fe0f348be5b7ba244de525) Importer(815301076,1909f56bfc062723c751e8b465ee728b)
Start importing Assets/Scripts/Base Classes/PlayerHandler.cs using Guid(ff16462b45fe0f348be5b7ba244de525) Importer(815301076,1909f56bfc062723c751e8b465ee728b)  -> (artifact id: '30ef76b3ed40268c205c6cfc7af5e080') in 0.021899 seconds 
  Import took 0.045882 seconds .

========================================================================
Received Import Request.
  Time since last request: 88.471759 seconds.
  path: Assets/Scripts/Base Classes/PlayerHandler.cs
  artifactKey: Guid(ff16462b45fe0f348be5b7ba244de525) Importer(815301076,1909f56bfc062723c751e8b465ee728b)
Start importing Assets/Scripts/Base Classes/PlayerHandler.cs using Guid(ff16462b45fe0f348be5b7ba244de525) Importer(815301076,1909f56bfc062723c751e8b465ee728b)  -> (artifact id: '8add5d8b8c294ee63d4e7569f238b3f5') in 0.018914 seconds 
  Import took 0.026006 seconds .

========================================================================
Received Import Request.
  Time since last request: 63.067928 seconds.
  path: Assets/Scripts/Base Classes/PlayerHandler.cs
  artifactKey: Guid(ff16462b45fe0f348be5b7ba244de525) Importer(815301076,1909f56bfc062723c751e8b465ee728b)
Start importing Assets/Scripts/Base Classes/PlayerHandler.cs using Guid(ff16462b45fe0f348be5b7ba244de525) Importer(815301076,1909f56bfc062723c751e8b465ee728b)  -> (artifact id: '88024cdfe75dc574976a7fc771b4be6f') in 0.031113 seconds 
  Import took 0.041686 seconds .

========================================================================
Received Import Request.
  Time since last request: 0.021362 seconds.
  path: Assets/Scripts/Base Classes/PlayerHandler.cs
  artifactKey: Guid(ff16462b45fe0f348be5b7ba244de525) Importer(815301076,1909f56bfc062723c751e8b465ee728b)
Start importing Assets/Scripts/Base Classes/PlayerHandler.cs using Guid(ff16462b45fe0f348be5b7ba244de525) Importer(815301076,1909f56bfc062723c751e8b465ee728b)  -> (artifact id: '88024cdfe75dc574976a7fc771b4be6f') in 0.019804 seconds 
  Import took 0.043477 seconds .

========================================================================
Received Import Request.
  Time since last request: 19.464475 seconds.
  path: Assets/Scripts/Base Classes/PlayerHandler.cs
  artifactKey: Guid(ff16462b45fe0f348be5b7ba244de525) Importer(815301076,1909f56bfc062723c751e8b465ee728b)
Start importing Assets/Scripts/Base Classes/PlayerHandler.cs using Guid(ff16462b45fe0f348be5b7ba244de525) Importer(815301076,1909f56bfc062723c751e8b465ee728b)  -> (artifact id: 'c0be9e70ef474db6b3c2b1df01fd4623') in 0.012174 seconds 
  Import took 0.038490 seconds .

========================================================================
Received Import Request.
  Time since last request: 2.840339 seconds.
  path: Assets/Scripts/Base Classes/PlayerHandler.cs
  artifactKey: Guid(ff16462b45fe0f348be5b7ba244de525) Importer(815301076,1909f56bfc062723c751e8b465ee728b)
Start importing Assets/Scripts/Base Classes/PlayerHandler.cs using Guid(ff16462b45fe0f348be5b7ba244de525) Importer(815301076,1909f56bfc062723c751e8b465ee728b)  -> (artifact id: 'b2ee0a0f9301687b16fe2b58face7130') in 0.005344 seconds 
  Import took 0.012431 seconds .

========================================================================
Received Import Request.
  Time since last request: 2.368726 seconds.
  path: Assets/Scripts/Base Classes/PlayerHandler.cs
  artifactKey: Guid(ff16462b45fe0f348be5b7ba244de525) Importer(815301076,1909f56bfc062723c751e8b465ee728b)
Start importing Assets/Scripts/Base Classes/PlayerHandler.cs using Guid(ff16462b45fe0f348be5b7ba244de525) Importer(815301076,1909f56bfc062723c751e8b465ee728b)  -> (artifact id: '58400fd430eb15fb61aa72eef98271e4') in 0.003351 seconds 
  Import took 0.010202 seconds .

========================================================================
Received Import Request.
  Time since last request: 4.747873 seconds.
  path: Assets/Scripts/Base Classes/PlayerHandler.cs
  artifactKey: Guid(ff16462b45fe0f348be5b7ba244de525) Importer(815301076,1909f56bfc062723c751e8b465ee728b)
Start importing Assets/Scripts/Base Classes/PlayerHandler.cs using Guid(ff16462b45fe0f348be5b7ba244de525) Importer(815301076,1909f56bfc062723c751e8b465ee728b)  -> (artifact id: '426bddb76f170d0078e5f5f9a8e5782f') in 0.022899 seconds 
  Import took 0.032749 seconds .

========================================================================
Received Import Request.
  Time since last request: 12.574000 seconds.
  path: Assets/Scripts/Base Classes/PlayerHandler.cs
  artifactKey: Guid(ff16462b45fe0f348be5b7ba244de525) Importer(815301076,1909f56bfc062723c751e8b465ee728b)
Start importing Assets/Scripts/Base Classes/PlayerHandler.cs using Guid(ff16462b45fe0f348be5b7ba244de525) Importer(815301076,1909f56bfc062723c751e8b465ee728b)  -> (artifact id: 'a233657dd4263e41ec1ce67454a05576') in 0.017558 seconds 
  Import took 0.024600 seconds .

========================================================================
Received Import Request.
  Time since last request: 0.034390 seconds.
  path: Assets/Scripts/Base Classes/PlayerHandler.cs
  artifactKey: Guid(ff16462b45fe0f348be5b7ba244de525) Importer(815301076,1909f56bfc062723c751e8b465ee728b)
Start importing Assets/Scripts/Base Classes/PlayerHandler.cs using Guid(ff16462b45fe0f348be5b7ba244de525) Importer(815301076,1909f56bfc062723c751e8b465ee728b)  -> (artifact id: 'a233657dd4263e41ec1ce67454a05576') in 0.010834 seconds 
  Import took 0.032109 seconds .

========================================================================
Received Import Request.
  Time since last request: 4.856102 seconds.
  path: Assets/Scripts/Base Classes/PlayerHandler.cs
  artifactKey: Guid(ff16462b45fe0f348be5b7ba244de525) Importer(815301076,1909f56bfc062723c751e8b465ee728b)
Start importing Assets/Scripts/Base Classes/PlayerHandler.cs using Guid(ff16462b45fe0f348be5b7ba244de525) Importer(815301076,1909f56bfc062723c751e8b465ee728b)  -> (artifact id: '0b870108e6e327d45e65c6b0f6c67d18') in 0.011549 seconds 
  Import took 0.026131 seconds .

========================================================================
Received Import Request.
  Time since last request: 9.335846 seconds.
  path: Assets/Scripts/Base Classes/PlayerHandler.cs
  artifactKey: Guid(ff16462b45fe0f348be5b7ba244de525) Importer(815301076,1909f56bfc062723c751e8b465ee728b)
Start importing Assets/Scripts/Base Classes/PlayerHandler.cs using Guid(ff16462b45fe0f348be5b7ba244de525) Importer(815301076,1909f56bfc062723c751e8b465ee728b)  -> (artifact id: '6a31715b1853c3d24f6d8d875337ab4e') in 0.010119 seconds 
  Import took 0.016377 seconds .

========================================================================
Received Prepare
Registering precompiled user dll's ...
Registered in 0.000815 seconds.
Begin MonoManager ReloadAssembly
Native extension for WindowsStandalone target not found
Refreshing native plugins compatible for Editor in 0.40 ms, found 0 plugins.
Preloading 0 native plugins for Editor in 0.00 ms.
Mono: successfully reloaded assembly
- Completed reload, in  1.298 seconds
Domain Reload Profiling:
	ReloadAssembly (1298ms)
		BeginReloadAssembly (139ms)
			ExecutionOrderSort (0ms)
			DisableScriptedObjects (7ms)
			BackupInstance (0ms)
			ReleaseScriptingObjects (0ms)
			CreateAndSetChildDomain (28ms)
		EndReloadAssembly (1020ms)
			LoadAssemblies (108ms)
			RebuildTransferFunctionScriptingTraits (0ms)
			SetupTypeCache (332ms)
			ReleaseScriptCaches (1ms)
			RebuildScriptCaches (58ms)
			SetupLoadedEditorAssemblies (368ms)
				LogAssemblyErrors (0ms)
				InitializePlatformSupportModulesInManaged (6ms)
				SetLoadedEditorAssemblies (2ms)
				RefreshPlugins (1ms)
				BeforeProcessingInitializeOnLoad (105ms)
				ProcessInitializeOnLoadAttributes (240ms)
				ProcessInitializeOnLoadMethodAttributes (5ms)
				AfterProcessingInitializeOnLoad (8ms)
				EditorAssembliesLoaded (0ms)
			ExecutionOrderSort2 (0ms)
			AwakeInstancesAfterBackupRestoration (8ms)
Platform modules already initialized, skipping
Refreshing native plugins compatible for Editor in 0.44 ms, found 0 plugins.
Preloading 0 native plugins for Editor in 0.00 ms.
Unloading 1883 Unused Serialized files (Serialized files now loaded: 0)
System memory in use before: 87.4 MB.
System memory in use after: 87.4 MB.

Unloading 7 unused Assets to reduce memory usage. Loaded Objects now: 2381.
Total: 2.530100 ms (FindLiveObjects: 0.256800 ms CreateObjectMapping: 0.112600 ms MarkObjects: 2.068600 ms  DeleteObjects: 0.090900 ms)

AssetImportParameters requested are different than current active one (requested -> active):
  custom:framework-win-MediaFoundation: 216162199b28c13a410421893ffa2e32 -> 
  custom:video-decoder-ogg-theora: a1e56fd34408186e4bbccfd4996cb3dc -> 
  custom:container-muxer-webm: aa71ff27fc2769a1b78a27578f13a17b -> 
  custom:container-demuxer-webm: 4f35f7cbe854078d1ac9338744f61a02 -> 
  custom:container-demuxer-ogg: 62fdf1f143b41e24485cea50d1cbac27 -> 
  custom:video-encoder-webm-vp8: eb34c28f22e8b96e1ab97ce403110664 -> 
  custom:video-decoder-webm-vp8: 9c59270c3fd7afecdb556c50c9e8de78 -> 
  custom:audio-decoder-ogg-vorbis: bf7c407c2cedff20999df2af8eb42d56 -> 
  custom:audio-encoder-webm-vorbis: bf7c407c2cedff20999df2af8eb42d56 -> 
========================================================================
Received Prepare
Registering precompiled user dll's ...
Registered in 0.000757 seconds.
Begin MonoManager ReloadAssembly
Native extension for WindowsStandalone target not found
Refreshing native plugins compatible for Editor in 0.48 ms, found 0 plugins.
Preloading 0 native plugins for Editor in 0.00 ms.
Mono: successfully reloaded assembly
- Completed reload, in  1.650 seconds
Domain Reload Profiling:
	ReloadAssembly (1651ms)
		BeginReloadAssembly (200ms)
			ExecutionOrderSort (0ms)
			DisableScriptedObjects (37ms)
			BackupInstance (0ms)
			ReleaseScriptingObjects (0ms)
			CreateAndSetChildDomain (29ms)
		EndReloadAssembly (1213ms)
			LoadAssemblies (121ms)
			RebuildTransferFunctionScriptingTraits (0ms)
			SetupTypeCache (326ms)
			ReleaseScriptCaches (1ms)
			RebuildScriptCaches (58ms)
			SetupLoadedEditorAssemblies (565ms)
				LogAssemblyErrors (0ms)
				InitializePlatformSupportModulesInManaged (5ms)
				SetLoadedEditorAssemblies (2ms)
				RefreshPlugins (1ms)
				BeforeProcessingInitializeOnLoad (237ms)
				ProcessInitializeOnLoadAttributes (306ms)
				ProcessInitializeOnLoadMethodAttributes (5ms)
				AfterProcessingInitializeOnLoad (9ms)
				EditorAssembliesLoaded (0ms)
			ExecutionOrderSort2 (0ms)
			AwakeInstancesAfterBackupRestoration (8ms)
Platform modules already initialized, skipping
Refreshing native plugins compatible for Editor in 0.52 ms, found 0 plugins.
Preloading 0 native plugins for Editor in 0.00 ms.
Unloading 1883 Unused Serialized files (Serialized files now loaded: 0)
System memory in use before: 87.4 MB.
System memory in use after: 87.4 MB.

Unloading 7 unused Assets to reduce memory usage. Loaded Objects now: 2383.
Total: 2.912000 ms (FindLiveObjects: 0.241700 ms CreateObjectMapping: 0.144400 ms MarkObjects: 2.236700 ms  DeleteObjects: 0.287800 ms)

AssetImportParameters requested are different than current active one (requested -> active):
  custom:framework-win-MediaFoundation: 216162199b28c13a410421893ffa2e32 -> 
  custom:video-decoder-ogg-theora: a1e56fd34408186e4bbccfd4996cb3dc -> 
  custom:container-muxer-webm: aa71ff27fc2769a1b78a27578f13a17b -> 
  custom:container-demuxer-webm: 4f35f7cbe854078d1ac9338744f61a02 -> 
  custom:container-demuxer-ogg: 62fdf1f143b41e24485cea50d1cbac27 -> 
  custom:video-encoder-webm-vp8: eb34c28f22e8b96e1ab97ce403110664 -> 
  custom:video-decoder-webm-vp8: 9c59270c3fd7afecdb556c50c9e8de78 -> 
  custom:audio-decoder-ogg-vorbis: bf7c407c2cedff20999df2af8eb42d56 -> 
  custom:audio-encoder-webm-vorbis: bf7c407c2cedff20999df2af8eb42d56 -> 
========================================================================
Received Prepare
Registering precompiled user dll's ...
Registered in 0.000815 seconds.
Begin MonoManager ReloadAssembly
Native extension for WindowsStandalone target not found
Refreshing native plugins compatible for Editor in 0.41 ms, found 0 plugins.
Preloading 0 native plugins for Editor in 0.00 ms.
Mono: successfully reloaded assembly
- Completed reload, in  1.491 seconds
Domain Reload Profiling:
	ReloadAssembly (1492ms)
		BeginReloadAssembly (280ms)
			ExecutionOrderSort (0ms)
			DisableScriptedObjects (6ms)
			BackupInstance (0ms)
			ReleaseScriptingObjects (0ms)
			CreateAndSetChildDomain (36ms)
		EndReloadAssembly (1122ms)
			LoadAssemblies (193ms)
			RebuildTransferFunctionScriptingTraits (0ms)
			SetupTypeCache (398ms)
			ReleaseScriptCaches (2ms)
			RebuildScriptCaches (67ms)
			SetupLoadedEditorAssemblies (345ms)
				LogAssemblyErrors (0ms)
				InitializePlatformSupportModulesInManaged (6ms)
				SetLoadedEditorAssemblies (1ms)
				RefreshPlugins (0ms)
				BeforeProcessingInitializeOnLoad (94ms)
				ProcessInitializeOnLoadAttributes (228ms)
				ProcessInitializeOnLoadMethodAttributes (8ms)
				AfterProcessingInitializeOnLoad (8ms)
				EditorAssembliesLoaded (0ms)
			ExecutionOrderSort2 (0ms)
			AwakeInstancesAfterBackupRestoration (10ms)
Platform modules already initialized, skipping
Refreshing native plugins compatible for Editor in 0.41 ms, found 0 plugins.
Preloading 0 native plugins for Editor in 0.00 ms.
Unloading 1883 Unused Serialized files (Serialized files now loaded: 0)
System memory in use before: 87.4 MB.
System memory in use after: 87.4 MB.

Unloading 7 unused Assets to reduce memory usage. Loaded Objects now: 2385.
Total: 2.995000 ms (FindLiveObjects: 0.194800 ms CreateObjectMapping: 0.080600 ms MarkObjects: 2.620700 ms  DeleteObjects: 0.097600 ms)

AssetImportParameters requested are different than current active one (requested -> active):
  custom:framework-win-MediaFoundation: 216162199b28c13a410421893ffa2e32 -> 
  custom:video-decoder-ogg-theora: a1e56fd34408186e4bbccfd4996cb3dc -> 
  custom:container-muxer-webm: aa71ff27fc2769a1b78a27578f13a17b -> 
  custom:container-demuxer-webm: 4f35f7cbe854078d1ac9338744f61a02 -> 
  custom:container-demuxer-ogg: 62fdf1f143b41e24485cea50d1cbac27 -> 
  custom:video-encoder-webm-vp8: eb34c28f22e8b96e1ab97ce403110664 -> 
  custom:video-decoder-webm-vp8: 9c59270c3fd7afecdb556c50c9e8de78 -> 
  custom:audio-decoder-ogg-vorbis: bf7c407c2cedff20999df2af8eb42d56 -> 
  custom:audio-encoder-webm-vorbis: bf7c407c2cedff20999df2af8eb42d56 -> 
========================================================================
Received Prepare
Registering precompiled user dll's ...
Registered in 0.000824 seconds.
Begin MonoManager ReloadAssembly
Native extension for WindowsStandalone target not found
Refreshing native plugins compatible for Editor in 0.40 ms, found 0 plugins.
Preloading 0 native plugins for Editor in 0.00 ms.
Mono: successfully reloaded assembly
- Completed reload, in  1.500 seconds
Domain Reload Profiling:
	ReloadAssembly (1500ms)
		BeginReloadAssembly (281ms)
			ExecutionOrderSort (0ms)
			DisableScriptedObjects (7ms)
			BackupInstance (0ms)
			ReleaseScriptingObjects (0ms)
			CreateAndSetChildDomain (75ms)
		EndReloadAssembly (1117ms)
			LoadAssemblies (272ms)
			RebuildTransferFunctionScriptingTraits (0ms)
			SetupTypeCache (337ms)
			ReleaseScriptCaches (1ms)
			RebuildScriptCaches (67ms)
			SetupLoadedEditorAssemblies (368ms)
				LogAssemblyErrors (0ms)
				InitializePlatformSupportModulesInManaged (5ms)
				SetLoadedEditorAssemblies (1ms)
				RefreshPlugins (0ms)
				BeforeProcessingInitializeOnLoad (91ms)
				ProcessInitializeOnLoadAttributes (256ms)
				ProcessInitializeOnLoadMethodAttributes (5ms)
				AfterProcessingInitializeOnLoad (8ms)
				EditorAssembliesLoaded (0ms)
			ExecutionOrderSort2 (0ms)
			AwakeInstancesAfterBackupRestoration (10ms)
Platform modules already initialized, skipping
Refreshing native plugins compatible for Editor in 0.41 ms, found 0 plugins.
Preloading 0 native plugins for Editor in 0.00 ms.
Unloading 1883 Unused Serialized files (Serialized files now loaded: 0)
System memory in use before: 87.4 MB.
System memory in use after: 87.4 MB.

Unloading 7 unused Assets to reduce memory usage. Loaded Objects now: 2387.
Total: 2.040200 ms (FindLiveObjects: 0.183200 ms CreateObjectMapping: 0.077500 ms MarkObjects: 1.682800 ms  DeleteObjects: 0.095400 ms)

AssetImportParameters requested are different than current active one (requested -> active):
  custom:framework-win-MediaFoundation: 216162199b28c13a410421893ffa2e32 -> 
  custom:video-decoder-ogg-theora: a1e56fd34408186e4bbccfd4996cb3dc -> 
  custom:container-muxer-webm: aa71ff27fc2769a1b78a27578f13a17b -> 
  custom:container-demuxer-webm: 4f35f7cbe854078d1ac9338744f61a02 -> 
  custom:container-demuxer-ogg: 62fdf1f143b41e24485cea50d1cbac27 -> 
  custom:video-encoder-webm-vp8: eb34c28f22e8b96e1ab97ce403110664 -> 
  custom:video-decoder-webm-vp8: 9c59270c3fd7afecdb556c50c9e8de78 -> 
  custom:audio-decoder-ogg-vorbis: bf7c407c2cedff20999df2af8eb42d56 -> 
  custom:audio-encoder-webm-vorbis: bf7c407c2cedff20999df2af8eb42d56 -> 
========================================================================
Received Prepare
Registering precompiled user dll's ...
Registered in 0.000817 seconds.
Begin MonoManager ReloadAssembly
Native extension for WindowsStandalone target not found
Refreshing native plugins compatible for Editor in 0.40 ms, found 0 plugins.
Preloading 0 native plugins for Editor in 0.00 ms.
Mono: successfully reloaded assembly
- Completed reload, in  1.331 seconds
Domain Reload Profiling:
	ReloadAssembly (1331ms)
		BeginReloadAssembly (222ms)
			ExecutionOrderSort (0ms)
			DisableScriptedObjects (15ms)
			BackupInstance (0ms)
			ReleaseScriptingObjects (0ms)
			CreateAndSetChildDomain (37ms)
		EndReloadAssembly (1005ms)
			LoadAssemblies (146ms)
			RebuildTransferFunctionScriptingTraits (0ms)
			SetupTypeCache (342ms)
			ReleaseScriptCaches (1ms)
			RebuildScriptCaches (51ms)
			SetupLoadedEditorAssemblies (333ms)
				LogAssemblyErrors (0ms)
				InitializePlatformSupportModulesInManaged (6ms)
				SetLoadedEditorAssemblies (1ms)
				RefreshPlugins (0ms)
				BeforeProcessingInitializeOnLoad (106ms)
				ProcessInitializeOnLoadAttributes (206ms)
				ProcessInitializeOnLoadMethodAttributes (5ms)
				AfterProcessingInitializeOnLoad (8ms)
				EditorAssembliesLoaded (0ms)
			ExecutionOrderSort2 (0ms)
			AwakeInstancesAfterBackupRestoration (10ms)
Platform modules already initialized, skipping
Refreshing native plugins compatible for Editor in 0.41 ms, found 0 plugins.
Preloading 0 native plugins for Editor in 0.00 ms.
Unloading 1883 Unused Serialized files (Serialized files now loaded: 0)
System memory in use before: 87.4 MB.
System memory in use after: 87.5 MB.

Unloading 7 unused Assets to reduce memory usage. Loaded Objects now: 2389.
Total: 2.646100 ms (FindLiveObjects: 0.230900 ms CreateObjectMapping: 0.137100 ms MarkObjects: 2.192600 ms  DeleteObjects: 0.084100 ms)

AssetImportParameters requested are different than current active one (requested -> active):
  custom:framework-win-MediaFoundation: 216162199b28c13a410421893ffa2e32 -> 
  custom:video-decoder-ogg-theora: a1e56fd34408186e4bbccfd4996cb3dc -> 
  custom:container-muxer-webm: aa71ff27fc2769a1b78a27578f13a17b -> 
  custom:container-demuxer-webm: 4f35f7cbe854078d1ac9338744f61a02 -> 
  custom:container-demuxer-ogg: 62fdf1f143b41e24485cea50d1cbac27 -> 
  custom:video-encoder-webm-vp8: eb34c28f22e8b96e1ab97ce403110664 -> 
  custom:video-decoder-webm-vp8: 9c59270c3fd7afecdb556c50c9e8de78 -> 
  custom:audio-decoder-ogg-vorbis: bf7c407c2cedff20999df2af8eb42d56 -> 
  custom:audio-encoder-webm-vorbis: bf7c407c2cedff20999df2af8eb42d56 -> 
========================================================================
Received Prepare
Registering precompiled user dll's ...
Registered in 0.001097 seconds.
Begin MonoManager ReloadAssembly
Native extension for WindowsStandalone target not found
Refreshing native plugins compatible for Editor in 0.38 ms, found 0 plugins.
Preloading 0 native plugins for Editor in 0.00 ms.
Mono: successfully reloaded assembly
- Completed reload, in  1.322 seconds
Domain Reload Profiling:
	ReloadAssembly (1322ms)
		BeginReloadAssembly (184ms)
			ExecutionOrderSort (0ms)
			DisableScriptedObjects (5ms)
			BackupInstance (0ms)
			ReleaseScriptingObjects (0ms)
			CreateAndSetChildDomain (33ms)
		EndReloadAssembly (1051ms)
			LoadAssemblies (168ms)
			RebuildTransferFunctionScriptingTraits (0ms)
			SetupTypeCache (365ms)
			ReleaseScriptCaches (1ms)
			RebuildScriptCaches (51ms)
			SetupLoadedEditorAssemblies (315ms)
				LogAssemblyErrors (0ms)
				InitializePlatformSupportModulesInManaged (5ms)
				SetLoadedEditorAssemblies (1ms)
				RefreshPlugins (1ms)
				BeforeProcessingInitializeOnLoad (86ms)
				ProcessInitializeOnLoadAttributes (204ms)
				ProcessInitializeOnLoadMethodAttributes (5ms)
				AfterProcessingInitializeOnLoad (13ms)
				EditorAssembliesLoaded (1ms)
			ExecutionOrderSort2 (0ms)
			AwakeInstancesAfterBackupRestoration (17ms)
Platform modules already initialized, skipping
Refreshing native plugins compatible for Editor in 0.42 ms, found 0 plugins.
Preloading 0 native plugins for Editor in 0.00 ms.
Unloading 1883 Unused Serialized files (Serialized files now loaded: 0)
System memory in use before: 87.4 MB.
System memory in use after: 87.4 MB.

Unloading 7 unused Assets to reduce memory usage. Loaded Objects now: 2391.
Total: 2.485200 ms (FindLiveObjects: 0.232200 ms CreateObjectMapping: 0.148400 ms MarkObjects: 1.996400 ms  DeleteObjects: 0.106900 ms)

AssetImportParameters requested are different than current active one (requested -> active):
  custom:framework-win-MediaFoundation: 216162199b28c13a410421893ffa2e32 -> 
  custom:video-decoder-ogg-theora: a1e56fd34408186e4bbccfd4996cb3dc -> 
  custom:container-muxer-webm: aa71ff27fc2769a1b78a27578f13a17b -> 
  custom:container-demuxer-webm: 4f35f7cbe854078d1ac9338744f61a02 -> 
  custom:container-demuxer-ogg: 62fdf1f143b41e24485cea50d1cbac27 -> 
  custom:video-encoder-webm-vp8: eb34c28f22e8b96e1ab97ce403110664 -> 
  custom:video-decoder-webm-vp8: 9c59270c3fd7afecdb556c50c9e8de78 -> 
  custom:audio-decoder-ogg-vorbis: bf7c407c2cedff20999df2af8eb42d56 -> 
  custom:audio-encoder-webm-vorbis: bf7c407c2cedff20999df2af8eb42d56 -> 
========================================================================
Received Prepare
Registering precompiled user dll's ...
Registered in 0.000793 seconds.
Begin MonoManager ReloadAssembly
Native extension for WindowsStandalone target not found
Refreshing native plugins compatible for Editor in 0.40 ms, found 0 plugins.
Preloading 0 native plugins for Editor in 0.00 ms.
Mono: successfully reloaded assembly
- Completed reload, in  1.526 seconds
Domain Reload Profiling:
	ReloadAssembly (1526ms)
		BeginReloadAssembly (469ms)
			ExecutionOrderSort (0ms)
			DisableScriptedObjects (20ms)
			BackupInstance (0ms)
			ReleaseScriptingObjects (0ms)
			CreateAndSetChildDomain (154ms)
		EndReloadAssembly (974ms)
			LoadAssemblies (248ms)
			RebuildTransferFunctionScriptingTraits (0ms)
			SetupTypeCache (318ms)
			ReleaseScriptCaches (1ms)
			RebuildScriptCaches (56ms)
			SetupLoadedEditorAssemblies (330ms)
				LogAssemblyErrors (0ms)
				InitializePlatformSupportModulesInManaged (6ms)
				SetLoadedEditorAssemblies (1ms)
				RefreshPlugins (0ms)
				BeforeProcessingInitializeOnLoad (99ms)
				ProcessInitializeOnLoadAttributes (211ms)
				ProcessInitializeOnLoadMethodAttributes (5ms)
				AfterProcessingInitializeOnLoad (8ms)
				EditorAssembliesLoaded (0ms)
			ExecutionOrderSort2 (0ms)
			AwakeInstancesAfterBackupRestoration (8ms)
Platform modules already initialized, skipping
Refreshing native plugins compatible for Editor in 0.41 ms, found 0 plugins.
Preloading 0 native plugins for Editor in 0.00 ms.
Unloading 1884 Unused Serialized files (Serialized files now loaded: 0)
System memory in use before: 87.4 MB.
System memory in use after: 87.5 MB.

Unloading 7 unused Assets to reduce memory usage. Loaded Objects now: 2394.
Total: 2.850200 ms (FindLiveObjects: 0.246700 ms CreateObjectMapping: 0.163400 ms MarkObjects: 2.338900 ms  DeleteObjects: 0.099800 ms)

AssetImportParameters requested are different than current active one (requested -> active):
  custom:framework-win-MediaFoundation: 216162199b28c13a410421893ffa2e32 -> 
  custom:video-decoder-ogg-theora: a1e56fd34408186e4bbccfd4996cb3dc -> 
  custom:container-muxer-webm: aa71ff27fc2769a1b78a27578f13a17b -> 
  custom:container-demuxer-webm: 4f35f7cbe854078d1ac9338744f61a02 -> 
  custom:container-demuxer-ogg: 62fdf1f143b41e24485cea50d1cbac27 -> 
  custom:video-encoder-webm-vp8: eb34c28f22e8b96e1ab97ce403110664 -> 
  custom:video-decoder-webm-vp8: 9c59270c3fd7afecdb556c50c9e8de78 -> 
  custom:audio-decoder-ogg-vorbis: bf7c407c2cedff20999df2af8eb42d56 -> 
  custom:audio-encoder-webm-vorbis: bf7c407c2cedff20999df2af8eb42d56 -> 
========================================================================
Received Prepare
Registering precompiled user dll's ...
Registered in 0.000830 seconds.
Begin MonoManager ReloadAssembly
Native extension for WindowsStandalone target not found
Refreshing native plugins compatible for Editor in 0.40 ms, found 0 plugins.
Preloading 0 native plugins for Editor in 0.00 ms.
Mono: successfully reloaded assembly
- Completed reload, in  1.425 seconds
Domain Reload Profiling:
	ReloadAssembly (1425ms)
		BeginReloadAssembly (209ms)
			ExecutionOrderSort (0ms)
			DisableScriptedObjects (6ms)
			BackupInstance (0ms)
			ReleaseScriptingObjects (0ms)
			CreateAndSetChildDomain (42ms)
		EndReloadAssembly (1108ms)
			LoadAssemblies (179ms)
			RebuildTransferFunctionScriptingTraits (0ms)
			SetupTypeCache (366ms)
			ReleaseScriptCaches (1ms)
			RebuildScriptCaches (63ms)
			SetupLoadedEditorAssemblies (352ms)
				LogAssemblyErrors (0ms)
				InitializePlatformSupportModulesInManaged (5ms)
				SetLoadedEditorAssemblies (1ms)
				RefreshPlugins (0ms)
				BeforeProcessingInitializeOnLoad (100ms)
				ProcessInitializeOnLoadAttributes (229ms)
				ProcessInitializeOnLoadMethodAttributes (6ms)
				AfterProcessingInitializeOnLoad (11ms)
				EditorAssembliesLoaded (0ms)
			ExecutionOrderSort2 (0ms)
			AwakeInstancesAfterBackupRestoration (28ms)
Platform modules already initialized, skipping
Refreshing native plugins compatible for Editor in 0.41 ms, found 0 plugins.
Preloading 0 native plugins for Editor in 0.00 ms.
Unloading 1884 Unused Serialized files (Serialized files now loaded: 0)
System memory in use before: 87.4 MB.
System memory in use after: 87.5 MB.

Unloading 7 unused Assets to reduce memory usage. Loaded Objects now: 2396.
Total: 2.383600 ms (FindLiveObjects: 0.242100 ms CreateObjectMapping: 0.142200 ms MarkObjects: 1.915500 ms  DeleteObjects: 0.082600 ms)

AssetImportParameters requested are different than current active one (requested -> active):
  custom:framework-win-MediaFoundation: 216162199b28c13a410421893ffa2e32 -> 
  custom:video-decoder-ogg-theora: a1e56fd34408186e4bbccfd4996cb3dc -> 
  custom:container-muxer-webm: aa71ff27fc2769a1b78a27578f13a17b -> 
  custom:container-demuxer-webm: 4f35f7cbe854078d1ac9338744f61a02 -> 
  custom:container-demuxer-ogg: 62fdf1f143b41e24485cea50d1cbac27 -> 
  custom:video-encoder-webm-vp8: eb34c28f22e8b96e1ab97ce403110664 -> 
  custom:video-decoder-webm-vp8: 9c59270c3fd7afecdb556c50c9e8de78 -> 
  custom:audio-decoder-ogg-vorbis: bf7c407c2cedff20999df2af8eb42d56 -> 
  custom:audio-encoder-webm-vorbis: bf7c407c2cedff20999df2af8eb42d56 -> 
